<?xml version="1.0" encoding="utf-8"?>
<coverage line-rate="0.36" branch-rate="0.5625" version="1.9" timestamp="1740126560" lines-covered="45" lines-valid="125" branches-covered="27" branches-valid="48">
  <sources>
    <source>D:\учеба\6 семестр\Тестирование\LibraryLab1\</source>
  </sources>
  <packages>
    <package name="LibraryLab1" line-rate="0.36" branch-rate="0.5625" complexity="64">
      <classes>
        <class name="LibraryLab1.Budget" filename="Budget.cs" line-rate="0.2452" branch-rate="0.45" complexity="29">
          <methods>
            <method name="get_TotalRevenue" signature="()" line-rate="0" branch-rate="1" complexity="1">
              <lines>
                <line number="15" hits="0" branch="False" />
              </lines>
            </method>
            <method name="get_TotalRefund" signature="()" line-rate="0" branch-rate="1" complexity="1">
              <lines>
                <line number="16" hits="0" branch="False" />
              </lines>
            </method>
            <method name="get_NetRevenue" signature="()" line-rate="0" branch-rate="1" complexity="1">
              <lines>
                <line number="17" hits="0" branch="False" />
              </lines>
            </method>
            <method name="get_TotalExpenses" signature="()" line-rate="0" branch-rate="1" complexity="1">
              <lines>
                <line number="18" hits="0" branch="False" />
              </lines>
            </method>
            <method name="get_FinalBalance" signature="()" line-rate="0" branch-rate="1" complexity="1">
              <lines>
                <line number="19" hits="0" branch="False" />
              </lines>
            </method>
            <method name="get_SalesBalance" signature="()" line-rate="0" branch-rate="1" complexity="1">
              <lines>
                <line number="20" hits="0" branch="False" />
              </lines>
            </method>
            <method name="GetTotalRevenue" signature="(LibraryLab1.Tour)" line-rate="0.7142000000000001" branch-rate="0.6428" complexity="14">
              <lines>
                <line number="33" hits="6" branch="False" />
                <line number="35" hits="6" branch="True" condition-coverage="50% (2/4)">
                  <conditions>
                    <condition number="8" type="jump" coverage="50%" />
                    <condition number="25" type="jump" coverage="50%" />
                  </conditions>
                </line>
                <line number="36" hits="0" branch="False" />
                <line number="38" hits="6" branch="False" />
                <line number="39" hits="48" branch="True" condition-coverage="50% (1/2)">
                  <conditions>
                    <condition number="192" type="jump" coverage="50%" />
                  </conditions>
                </line>
                <line number="40" hits="24" branch="False" />
                <line number="41" hits="24" branch="True" condition-coverage="100% (4/4)">
                  <conditions>
                    <condition number="66" type="jump" coverage="100%" />
                    <condition number="89" type="jump" coverage="100%" />
                  </conditions>
                </line>
                <line number="42" hits="6" branch="False" />
                <line number="45" hits="18" branch="True" condition-coverage="50% (2/4)">
                  <conditions>
                    <condition number="119" type="jump" coverage="50%" />
                    <condition number="139" type="jump" coverage="50%" />
                  </conditions>
                </line>
                <line number="46" hits="0" branch="False" />
                <line number="48" hits="18" branch="False" />
                <line number="49" hits="18" branch="False" />
                <line number="50" hits="0" branch="False" />
                <line number="51" hits="0" branch="False" />
              </lines>
            </method>
            <method name="GetTotalRefund" signature="(LibraryLab1.Tour)" line-rate="0" branch-rate="0" complexity="2">
              <lines>
                <line number="54" hits="0" branch="False" />
                <line number="55" hits="0" branch="False" />
                <line number="56" hits="0" branch="True" condition-coverage="0% (0/2)">
                  <conditions>
                    <condition number="28" type="jump" coverage="0%" />
                  </conditions>
                </line>
                <line number="57" hits="0" branch="False" />
                <line number="59" hits="0" branch="False" />
                <line number="60" hits="0" branch="False" />
              </lines>
            </method>
            <method name="GetNetRevenue" signature="(LibraryLab1.Tour)" line-rate="0" branch-rate="1" complexity="1">
              <lines>
                <line number="63" hits="0" branch="False" />
                <line number="64" hits="0" branch="False" />
                <line number="65" hits="0" branch="False" />
                <line number="66" hits="0" branch="False" />
              </lines>
            </method>
            <method name="GetTotalExpenses" signature="(LibraryLab1.Tour)" line-rate="0" branch-rate="0" complexity="2">
              <lines>
                <line number="69" hits="0" branch="False" />
                <line number="70" hits="0" branch="True" condition-coverage="0% (0/2)">
                  <conditions>
                    <condition number="20" type="jump" coverage="0%" />
                  </conditions>
                </line>
                <line number="71" hits="0" branch="False" />
                <line number="73" hits="0" branch="False" />
                <line number="75" hits="0" branch="False" />
              </lines>
            </method>
            <method name="GetFinalBalance" signature="(LibraryLab1.Tour)" line-rate="0" branch-rate="1" complexity="1">
              <lines>
                <line number="78" hits="0" branch="False" />
                <line number="79" hits="0" branch="False" />
                <line number="80" hits="0" branch="False" />
              </lines>
            </method>
            <method name="GetSalesBalance" signature="(LibraryLab1.Tour)" line-rate="0" branch-rate="0" complexity="2">
              <lines>
                <line number="83" hits="0" branch="False" />
                <line number="84" hits="0" branch="False" />
                <line number="85" hits="0" branch="True" condition-coverage="0% (0/2)">
                  <conditions>
                    <condition number="28" type="jump" coverage="0%" />
                  </conditions>
                </line>
                <line number="86" hits="0" branch="False" />
                <line number="88" hits="0" branch="False" />
                <line number="89" hits="0" branch="False" />
              </lines>
            </method>
            <method name=".ctor" signature="(LibraryLab1.Tour)" line-rate="0.3333" branch-rate="1" complexity="1">
              <lines>
                <line number="22" hits="6" branch="False" />
                <line number="23" hits="6" branch="False" />
                <line number="24" hits="6" branch="False" />
                <line number="25" hits="0" branch="False" />
                <line number="26" hits="0" branch="False" />
                <line number="27" hits="0" branch="False" />
                <line number="28" hits="0" branch="False" />
                <line number="29" hits="0" branch="False" />
                <line number="30" hits="0" branch="False" />
              </lines>
            </method>
          </methods>
          <lines>
            <line number="15" hits="0" branch="False" />
            <line number="16" hits="0" branch="False" />
            <line number="17" hits="0" branch="False" />
            <line number="18" hits="0" branch="False" />
            <line number="19" hits="0" branch="False" />
            <line number="20" hits="0" branch="False" />
            <line number="33" hits="6" branch="False" />
            <line number="35" hits="6" branch="True" condition-coverage="50% (2/4)">
              <conditions>
                <condition number="8" type="jump" coverage="50%" />
                <condition number="25" type="jump" coverage="50%" />
              </conditions>
            </line>
            <line number="36" hits="0" branch="False" />
            <line number="38" hits="6" branch="False" />
            <line number="39" hits="48" branch="True" condition-coverage="50% (1/2)">
              <conditions>
                <condition number="192" type="jump" coverage="50%" />
              </conditions>
            </line>
            <line number="40" hits="24" branch="False" />
            <line number="41" hits="24" branch="True" condition-coverage="100% (4/4)">
              <conditions>
                <condition number="66" type="jump" coverage="100%" />
                <condition number="89" type="jump" coverage="100%" />
              </conditions>
            </line>
            <line number="42" hits="6" branch="False" />
            <line number="45" hits="18" branch="True" condition-coverage="50% (2/4)">
              <conditions>
                <condition number="119" type="jump" coverage="50%" />
                <condition number="139" type="jump" coverage="50%" />
              </conditions>
            </line>
            <line number="46" hits="0" branch="False" />
            <line number="48" hits="18" branch="False" />
            <line number="49" hits="18" branch="False" />
            <line number="50" hits="0" branch="False" />
            <line number="51" hits="0" branch="False" />
            <line number="54" hits="0" branch="False" />
            <line number="55" hits="0" branch="False" />
            <line number="56" hits="0" branch="True" condition-coverage="0% (0/2)">
              <conditions>
                <condition number="28" type="jump" coverage="0%" />
              </conditions>
            </line>
            <line number="57" hits="0" branch="False" />
            <line number="59" hits="0" branch="False" />
            <line number="60" hits="0" branch="False" />
            <line number="63" hits="0" branch="False" />
            <line number="64" hits="0" branch="False" />
            <line number="65" hits="0" branch="False" />
            <line number="66" hits="0" branch="False" />
            <line number="69" hits="0" branch="False" />
            <line number="70" hits="0" branch="True" condition-coverage="0% (0/2)">
              <conditions>
                <condition number="20" type="jump" coverage="0%" />
              </conditions>
            </line>
            <line number="71" hits="0" branch="False" />
            <line number="73" hits="0" branch="False" />
            <line number="75" hits="0" branch="False" />
            <line number="78" hits="0" branch="False" />
            <line number="79" hits="0" branch="False" />
            <line number="80" hits="0" branch="False" />
            <line number="83" hits="0" branch="False" />
            <line number="84" hits="0" branch="False" />
            <line number="85" hits="0" branch="True" condition-coverage="0% (0/2)">
              <conditions>
                <condition number="28" type="jump" coverage="0%" />
              </conditions>
            </line>
            <line number="86" hits="0" branch="False" />
            <line number="88" hits="0" branch="False" />
            <line number="89" hits="0" branch="False" />
            <line number="22" hits="6" branch="False" />
            <line number="23" hits="6" branch="False" />
            <line number="24" hits="6" branch="False" />
            <line number="25" hits="0" branch="False" />
            <line number="26" hits="0" branch="False" />
            <line number="27" hits="0" branch="False" />
            <line number="28" hits="0" branch="False" />
            <line number="29" hits="0" branch="False" />
            <line number="30" hits="0" branch="False" />
          </lines>
        </class>
        <class name="LibraryLab1.Program" filename="Program.cs" line-rate="0.2452" branch-rate="0.5832999999999999" complexity="24">
          <methods>
            <method name="Main" signature="(System.String[])" line-rate="0" branch-rate="0" complexity="8">
              <lines>
                <line number="8" hits="0" branch="False" />
                <line number="10" hits="0" branch="False" />
                <line number="11" hits="0" branch="False" />
                <line number="12" hits="0" branch="False" />
                <line number="14" hits="0" branch="False" />
                <line number="16" hits="0" branch="True" condition-coverage="0% (0/2)">
                  <conditions>
                    <condition number="78" type="jump" coverage="0%" />
                  </conditions>
                </line>
                <line number="17" hits="0" branch="False" />
                <line number="18" hits="0" branch="False" />
                <line number="19" hits="0" branch="False" />
                <line number="22" hits="0" branch="True" condition-coverage="0% (0/2)">
                  <conditions>
                    <condition number="266" type="jump" coverage="0%" />
                  </conditions>
                </line>
                <line number="23" hits="0" branch="False" />
                <line number="24" hits="0" branch="False" />
                <line number="25" hits="0" branch="True" condition-coverage="0% (0/2)">
                  <conditions>
                    <condition number="176" type="jump" coverage="0%" />
                  </conditions>
                </line>
                <line number="26" hits="0" branch="False" />
                <line number="27" hits="0" branch="False" />
                <line number="28" hits="0" branch="False" />
                <line number="30" hits="0" branch="False" />
                <line number="31" hits="0" branch="True" condition-coverage="0% (0/2)">
                  <conditions>
                    <condition number="248" type="jump" coverage="0%" />
                  </conditions>
                </line>
                <line number="32" hits="0" branch="False" />
                <line number="33" hits="0" branch="False" />
                <line number="34" hits="0" branch="False" />
                <line number="35" hits="0" branch="False" />
                <line number="37" hits="0" branch="False" />
                <line number="38" hits="0" branch="False" />
                <line number="39" hits="0" branch="False" />
                <line number="40" hits="0" branch="False" />
                <line number="41" hits="0" branch="False" />
                <line number="42" hits="0" branch="False" />
                <line number="43" hits="0" branch="False" />
                <line number="44" hits="0" branch="False" />
                <line number="45" hits="0" branch="False" />
                <line number="46" hits="0" branch="False" />
                <line number="47" hits="0" branch="False" />
                <line number="48" hits="0" branch="False" />
                <line number="49" hits="0" branch="False" />
                <line number="50" hits="0" branch="False" />
                <line number="51" hits="0" branch="False" />
                <line number="52" hits="0" branch="False" />
              </lines>
            </method>
            <method name="CheckValue" signature="(LibraryLab1.Tour)" line-rate="0.8665999999999999" branch-rate="0.875" complexity="16">
              <lines>
                <line number="55" hits="7" branch="False" />
                <line number="56" hits="7" branch="True" condition-coverage="50% (2/4)">
                  <conditions>
                    <condition number="9" type="jump" coverage="50%" />
                    <condition number="25" type="jump" coverage="50%" />
                  </conditions>
                </line>
                <line number="57" hits="0" branch="False" />
                <line number="58" hits="0" branch="False" />
                <line number="60" hits="7" branch="True" condition-coverage="100% (4/4)">
                  <conditions>
                    <condition number="50" type="jump" coverage="100%" />
                    <condition number="74" type="jump" coverage="100%" />
                  </conditions>
                </line>
                <line number="61" hits="2" branch="False" />
                <line number="62" hits="2" branch="False" />
                <line number="64" hits="5" branch="True" condition-coverage="100% (4/4)">
                  <conditions>
                    <condition number="96" type="jump" coverage="100%" />
                    <condition number="120" type="jump" coverage="100%" />
                  </conditions>
                </line>
                <line number="65" hits="2" branch="False" />
                <line number="66" hits="2" branch="False" />
                <line number="68" hits="3" branch="True" condition-coverage="100% (4/4)">
                  <conditions>
                    <condition number="142" type="jump" coverage="100%" />
                    <condition number="168" type="jump" coverage="100%" />
                  </conditions>
                </line>
                <line number="69" hits="2" branch="False" />
                <line number="70" hits="2" branch="False" />
                <line number="72" hits="1" branch="False" />
                <line number="73" hits="7" branch="False" />
              </lines>
            </method>
          </methods>
          <lines>
            <line number="8" hits="0" branch="False" />
            <line number="10" hits="0" branch="False" />
            <line number="11" hits="0" branch="False" />
            <line number="12" hits="0" branch="False" />
            <line number="14" hits="0" branch="False" />
            <line number="16" hits="0" branch="True" condition-coverage="0% (0/2)">
              <conditions>
                <condition number="78" type="jump" coverage="0%" />
              </conditions>
            </line>
            <line number="17" hits="0" branch="False" />
            <line number="18" hits="0" branch="False" />
            <line number="19" hits="0" branch="False" />
            <line number="22" hits="0" branch="True" condition-coverage="0% (0/2)">
              <conditions>
                <condition number="266" type="jump" coverage="0%" />
              </conditions>
            </line>
            <line number="23" hits="0" branch="False" />
            <line number="24" hits="0" branch="False" />
            <line number="25" hits="0" branch="True" condition-coverage="0% (0/2)">
              <conditions>
                <condition number="176" type="jump" coverage="0%" />
              </conditions>
            </line>
            <line number="26" hits="0" branch="False" />
            <line number="27" hits="0" branch="False" />
            <line number="28" hits="0" branch="False" />
            <line number="30" hits="0" branch="False" />
            <line number="31" hits="0" branch="True" condition-coverage="0% (0/2)">
              <conditions>
                <condition number="248" type="jump" coverage="0%" />
              </conditions>
            </line>
            <line number="32" hits="0" branch="False" />
            <line number="33" hits="0" branch="False" />
            <line number="34" hits="0" branch="False" />
            <line number="35" hits="0" branch="False" />
            <line number="37" hits="0" branch="False" />
            <line number="38" hits="0" branch="False" />
            <line number="39" hits="0" branch="False" />
            <line number="40" hits="0" branch="False" />
            <line number="41" hits="0" branch="False" />
            <line number="42" hits="0" branch="False" />
            <line number="43" hits="0" branch="False" />
            <line number="44" hits="0" branch="False" />
            <line number="45" hits="0" branch="False" />
            <line number="46" hits="0" branch="False" />
            <line number="47" hits="0" branch="False" />
            <line number="48" hits="0" branch="False" />
            <line number="49" hits="0" branch="False" />
            <line number="50" hits="0" branch="False" />
            <line number="51" hits="0" branch="False" />
            <line number="52" hits="0" branch="False" />
            <line number="55" hits="7" branch="False" />
            <line number="56" hits="7" branch="True" condition-coverage="50% (2/4)">
              <conditions>
                <condition number="9" type="jump" coverage="50%" />
                <condition number="25" type="jump" coverage="50%" />
              </conditions>
            </line>
            <line number="57" hits="0" branch="False" />
            <line number="58" hits="0" branch="False" />
            <line number="60" hits="7" branch="True" condition-coverage="100% (4/4)">
              <conditions>
                <condition number="50" type="jump" coverage="100%" />
                <condition number="74" type="jump" coverage="100%" />
              </conditions>
            </line>
            <line number="61" hits="2" branch="False" />
            <line number="62" hits="2" branch="False" />
            <line number="64" hits="5" branch="True" condition-coverage="100% (4/4)">
              <conditions>
                <condition number="96" type="jump" coverage="100%" />
                <condition number="120" type="jump" coverage="100%" />
              </conditions>
            </line>
            <line number="65" hits="2" branch="False" />
            <line number="66" hits="2" branch="False" />
            <line number="68" hits="3" branch="True" condition-coverage="100% (4/4)">
              <conditions>
                <condition number="142" type="jump" coverage="100%" />
                <condition number="168" type="jump" coverage="100%" />
              </conditions>
            </line>
            <line number="69" hits="2" branch="False" />
            <line number="70" hits="2" branch="False" />
            <line number="72" hits="1" branch="False" />
            <line number="73" hits="7" branch="False" />
          </lines>
        </class>
        <class name="LibraryLab1.Tour" filename="Tour.cs" line-rate="1" branch-rate="1" complexity="11">
          <methods>
            <method name="get_TourNumber" signature="()" line-rate="1" branch-rate="1" complexity="1">
              <lines>
                <line number="11" hits="51" branch="False" />
              </lines>
            </method>
            <method name="get_TourPrice" signature="()" line-rate="1" branch-rate="1" complexity="1">
              <lines>
                <line number="12" hits="85" branch="False" />
              </lines>
            </method>
            <method name="get_TravelVoucher" signature="()" line-rate="1" branch-rate="1" complexity="1">
              <lines>
                <line number="13" hits="79" branch="False" />
              </lines>
            </method>
            <method name="get_ReturnPercent" signature="()" line-rate="1" branch-rate="1" complexity="1">
              <lines>
                <line number="14" hits="26" branch="False" />
              </lines>
            </method>
            <method name="get_OverheadsPercent" signature="()" line-rate="1" branch-rate="1" complexity="1">
              <lines>
                <line number="15" hits="22" branch="False" />
              </lines>
            </method>
            <method name="get_AdditionalExpenses" signature="()" line-rate="1" branch-rate="1" complexity="1">
              <lines>
                <line number="16" hits="13" branch="False" />
              </lines>
            </method>
            <method name="get_Discount" signature="()" line-rate="1" branch-rate="1" complexity="1">
              <lines>
                <line number="17" hits="18" branch="False" />
              </lines>
            </method>
            <method name=".ctor" signature="(System.Int32,System.Double,System.Double,System.Double,System.Double)" line-rate="1" branch-rate="1" complexity="4">
              <lines>
                <line number="19" hits="15" branch="False" />
                <line number="20" hits="15" branch="False" />
                <line number="21" hits="15" branch="True" condition-coverage="100% (4/4)">
                  <conditions>
                    <condition number="10" type="jump" coverage="100%" />
                    <condition number="22" type="jump" coverage="100%" />
                  </conditions>
                </line>
                <line number="22" hits="2" branch="False" />
                <line number="24" hits="13" branch="False" />
                <line number="25" hits="13" branch="False" />
                <line number="26" hits="13" branch="False" />
                <line number="27" hits="13" branch="False" />
                <line number="28" hits="13" branch="False" />
                <line number="29" hits="13" branch="False" />
                <line number="30" hits="13" branch="False" />
                <line number="31" hits="13" branch="False" />
              </lines>
            </method>
          </methods>
          <lines>
            <line number="11" hits="51" branch="False" />
            <line number="12" hits="85" branch="False" />
            <line number="13" hits="79" branch="False" />
            <line number="14" hits="26" branch="False" />
            <line number="15" hits="22" branch="False" />
            <line number="16" hits="13" branch="False" />
            <line number="17" hits="18" branch="False" />
            <line number="19" hits="15" branch="False" />
            <line number="20" hits="15" branch="False" />
            <line number="21" hits="15" branch="True" condition-coverage="100% (4/4)">
              <conditions>
                <condition number="10" type="jump" coverage="100%" />
                <condition number="22" type="jump" coverage="100%" />
              </conditions>
            </line>
            <line number="22" hits="2" branch="False" />
            <line number="24" hits="13" branch="False" />
            <line number="25" hits="13" branch="False" />
            <line number="26" hits="13" branch="False" />
            <line number="27" hits="13" branch="False" />
            <line number="28" hits="13" branch="False" />
            <line number="29" hits="13" branch="False" />
            <line number="30" hits="13" branch="False" />
            <line number="31" hits="13" branch="False" />
          </lines>
        </class>
      </classes>
    </package>
  </packages>
</coverage>